The system is: Windows - 10.0.19044 - AMD64
Compiling the C compiler identification source file "CMakeCCompilerId.c" succeeded.
Compiler: E:/vs/VC/Tools/MSVC/14.31.31103/bin/Hostx64/x64/cl.exe 
Build flags: 
Id flags:  

The output was:
0
Compilateur d'optimisation Microsoft (R) C/C++ version 19.31.31105 pour x64
Copyright (C) Microsoft Corporation. Tous droits réservés.

CMakeCCompilerId.c
Microsoft (R) Incremental Linker Version 14.31.31105.0
Copyright (C) Microsoft Corporation.  All rights reserved.

/out:CMakeCCompilerId.exe 
CMakeCCompilerId.obj 


Compilation of the C compiler identification source "CMakeCCompilerId.c" produced "CMakeCCompilerId.exe"

Compilation of the C compiler identification source "CMakeCCompilerId.c" produced "CMakeCCompilerId.obj"

The C compiler identification is MSVC, found in "C:/Users/Jacques Célère/Desktop/ESIEE/E4/CppE4P1/TP1/isPrimeBis/out/build/x64-Debug/CMakeFiles/3.22.22022201-MSVC_2/CompilerIdC/CMakeCCompilerId.exe"

Compiling the CXX compiler identification source file "CMakeCXXCompilerId.cpp" succeeded.
Compiler: E:/vs/VC/Tools/MSVC/14.31.31103/bin/Hostx64/x64/cl.exe 
Build flags: 
Id flags:  

The output was:
0
Compilateur d'optimisation Microsoft (R) C/C++ version 19.31.31105 pour x64
Copyright (C) Microsoft Corporation. Tous droits réservés.

CMakeCXXCompilerId.cpp
Microsoft (R) Incremental Linker Version 14.31.31105.0
Copyright (C) Microsoft Corporation.  All rights reserved.

/out:CMakeCXXCompilerId.exe 
CMakeCXXCompilerId.obj 


Compilation of the CXX compiler identification source "CMakeCXXCompilerId.cpp" produced "CMakeCXXCompilerId.exe"

Compilation of the CXX compiler identification source "CMakeCXXCompilerId.cpp" produced "CMakeCXXCompilerId.obj"

The CXX compiler identification is MSVC, found in "C:/Users/Jacques Célère/Desktop/ESIEE/E4/CppE4P1/TP1/isPrimeBis/out/build/x64-Debug/CMakeFiles/3.22.22022201-MSVC_2/CompilerIdCXX/CMakeCXXCompilerId.exe"

Detecting C compiler ABI info compiled with the following output:
Change Dir: C:/Users/Jacques Célère/Desktop/ESIEE/E4/CppE4P1/TP1/isPrimeBis/out/build/x64-Debug/CMakeFiles/CMakeTmp

Run Build Command(s):E:\VS\COMMON7\IDE\COMMONEXTENSIONS\MICROSOFT\CMAKE\Ninja\ninja.exe cmTC_f8025 && [1/2] Building C object CMakeFiles\cmTC_f8025.dir\CMakeCCompilerABI.c.obj
[2/2] Linking C executable cmTC_f8025.exe



Detecting CXX compiler ABI info compiled with the following output:
Change Dir: C:/Users/Jacques Célère/Desktop/ESIEE/E4/CppE4P1/TP1/isPrimeBis/out/build/x64-Debug/CMakeFiles/CMakeTmp

Run Build Command(s):E:\VS\COMMON7\IDE\COMMONEXTENSIONS\MICROSOFT\CMAKE\Ninja\ninja.exe cmTC_fa565 && [1/2] Building CXX object CMakeFiles\cmTC_fa565.dir\CMakeCXXCompilerABI.cpp.obj
[2/2] Linking CXX executable cmTC_fa565.exe



